<?xml version="1.0" encoding="UTF-8"?>
<testng-results ignored="0" total="1" passed="1" failed="0" skipped="0">
  <reporter-output>
  </reporter-output>
  <suite started-at="2023-07-06T02:53:20Z" name="Suite" finished-at="2023-07-06T02:53:22Z" duration-ms="1945">
    <groups>
    </groups>
    <test started-at="2023-07-06T02:53:20Z" name="Test1" finished-at="2023-07-06T02:53:22Z" duration-ms="1945">
      <class name="com.automate.withMe.Test_google">
        <test-method is-config="true" signature="beforeTest(java.lang.String)[pri:0, instance:com.automate.withMe.Test_google@7b94089b]" started-at="2023-07-06T02:53:20Z" name="beforeTest" finished-at="2023-07-06T02:53:21Z" duration-ms="919" status="PASS">
          <params>
            <param index="0">
              <value>
                <![CDATA[chrome]]>
              </value>
            </param>
          </params>
          <reporter-output>
          </reporter-output>
        </test-method> <!-- beforeTest -->
        <test-method signature="f(java.lang.String)[pri:0, instance:com.automate.withMe.Test_google@7b94089b]" started-at="2023-07-06T02:53:21Z" name="f" finished-at="2023-07-06T02:53:22Z" duration-ms="845" status="PASS">
          <params>
            <param index="0">
              <value>
                <![CDATA[https://www.google.co.in/]]>
              </value>
            </param>
          </params>
          <reporter-output>
          </reporter-output>
        </test-method> <!-- f -->
        <test-method is-config="true" signature="afterTest(java.lang.String)[pri:0, instance:com.automate.withMe.Test_google@7b94089b]" started-at="2023-07-06T02:53:22Z" name="afterTest" finished-at="2023-07-06T02:53:22Z" duration-ms="171" status="PASS">
          <params>
            <param index="0">
              <value>
                <![CDATA[chrome]]>
              </value>
            </param>
          </params>
          <reporter-output>
          </reporter-output>
        </test-method> <!-- afterTest -->
      </class> <!-- com.automate.withMe.Test_google -->
    </test> <!-- Test1 -->
  </suite> <!-- Suite -->
</testng-results>
